Start testing: Jun 18 13:29 Pacific Daylight Time
----------------------------------------------------------
Unable to find executable: C:/Users/Ocanath/OcanathProj/VS/robot-graphics/robot-graphics/robot-graphics/external/tinyxml2/build/Debug/xmltest.exe
1/1 Testing: xmltest
1/1 Test: xmltest
Command: ""
Directory: C:/Users/Ocanath/OcanathProj/VS/robot-graphics/robot-graphics/robot-graphics/external/tinyxml2
"xmltest" start time: 
Output:
----------------------------------------------------------
<end of output>
Test time =   0.00 sec
----------------------------------------------------------
Test Pass Reason:
Required regular expression not found. Regex=[, Fail 0
]
"xmltest" end time: Jun 18 13:29 Pacific Daylight Time
"xmltest" time elapsed: 00:00:00
----------------------------------------------------------

End testing: Jun 18 13:29 Pacific Daylight Time
